<?xml version="1.0" encoding="UTF-8"?>
<testng-results ignored="0" total="2" passed="2" failed="0" skipped="0">
  <reporter-output>
  </reporter-output>
  <suite started-at="2022-09-01T13:32:56Z" name="Suite" finished-at="2022-09-01T13:33:18Z" duration-ms="22484">
    <groups>
    </groups>
    <test started-at="2022-09-01T13:32:56Z" name="Chrome Test" finished-at="2022-09-01T13:33:15Z" duration-ms="19836">
      <class name="grid.TestParallel">
        <test-method signature="doLogin(java.lang.String)[pri:0, instance:grid.TestParallel@1ee807c6]" started-at="2022-09-01T13:32:56Z" name="doLogin" finished-at="2022-09-01T13:33:15Z" duration-ms="19811" status="PASS">
          <params>
            <param index="0">
              <value>
                <![CDATA[chrome]]>
              </value>
            </param>
          </params>
          <reporter-output>
          </reporter-output>
        </test-method> <!-- doLogin -->
      </class> <!-- grid.TestParallel -->
    </test> <!-- Chrome Test -->
    <test started-at="2022-09-01T13:32:56Z" name="Firefox Test" finished-at="2022-09-01T13:33:18Z" duration-ms="22484">
      <class name="grid.TestParallel">
        <test-method signature="doLogin(java.lang.String)[pri:0, instance:grid.TestParallel@5606c0b]" started-at="2022-09-01T13:32:56Z" name="doLogin" finished-at="2022-09-01T13:33:18Z" duration-ms="22467" status="PASS">
          <params>
            <param index="0">
              <value>
                <![CDATA[firefox]]>
              </value>
            </param>
          </params>
          <reporter-output>
          </reporter-output>
        </test-method> <!-- doLogin -->
      </class> <!-- grid.TestParallel -->
    </test> <!-- Firefox Test -->
  </suite> <!-- Suite -->
</testng-results>
